<?xml version="1.0" encoding="UTF-8"?>
<!-- Generated by org.testng.reporters.JUnitReportReporter -->
<testsuite hostname="DESKTOP-015F70A" failures="0" tests="1" name="driverFactory.AppTest" time="7.301" errors="0" timestamp="2024-02-23T12:18:20 IST" skipped="0">
  <testcase classname="driverFactory.AppTest" name="kickStart" time="7.301"/>
</testsuite> <!-- driverFactory.AppTest -->
